<?xml version="1.0" encoding="UTF-8"?>
<!-- Generated by org.testng.reporters.JUnitReportReporter -->
<testsuite skipped="0" hostname="ISU1SWT15-PC" name="testCaseDetails.TC003_LoginFailWithPassword" tests="1" failures="0" timestamp="04 Sep 2018 11:27:53 GMT" time="18.281" errors="0">
  <testcase name="loginFailWithPassword" time="18.281" classname="testCaseDetails.TC003_LoginFailWithPassword"/>
</testsuite> <!-- testCaseDetails.TC003_LoginFailWithPassword -->
