<?xml version="1.0" encoding="UTF-8"?>
<!-- Generated by org.testng.reporters.JUnitReportReporter -->
<testsuite skipped="0" hostname="ISU1SWT15-PC" name="testCaseDetails.TC005_LoginwithBlankUsername" tests="1" failures="0" timestamp="04 Sep 2018 11:27:53 GMT" time="12.951" errors="0">
  <testcase name="loginWithBlankUsername" time="12.951" classname="testCaseDetails.TC005_LoginwithBlankUsername"/>
</testsuite> <!-- testCaseDetails.TC005_LoginwithBlankUsername -->
