<?xml version="1.0" encoding="UTF-8"?>
<!-- Generated by org.testng.reporters.JUnitReportReporter -->
<testsuite skipped="0" hostname="ISU1SWT15-PC" name="testCaseDetails.TC006_LoginwithBlankPassword" tests="1" failures="0" timestamp="04 Sep 2018 11:27:53 GMT" time="13.100" errors="0">
  <testcase name="loginWithBlankPassword" time="13.100" classname="testCaseDetails.TC006_LoginwithBlankPassword"/>
</testsuite> <!-- testCaseDetails.TC006_LoginwithBlankPassword -->
