<?xml version="1.0" encoding="UTF-8"?>
<!-- Generated by org.testng.reporters.JUnitReportReporter -->
<testsuite skipped="0" hostname="ISU1SWT15-PC" name="testCaseDetails.TC004_LoginUsernameAndPasswordBlank" tests="1" failures="0" timestamp="04 Sep 2018 11:27:52 GMT" time="15.124" errors="0">
  <testcase name="loginUsernameAndPasswordBlank" time="15.124" classname="testCaseDetails.TC004_LoginUsernameAndPasswordBlank"/>
</testsuite> <!-- testCaseDetails.TC004_LoginUsernameAndPasswordBlank -->
